::1 - - [13/Jun/2021:10:17:36 +0000] "GET /api/v1/users/profiles/12 HTTP/1.1" 304 - "http://localhost:3000/" "Mozilla/5.0 (X11; Linux x86_64) AppleWebKit/537.36 (KHTML, like Gecko) Chrome/91.0.4472.77 Safari/537.36"
::1 - - [13/Jun/2021:10:17:55 +0000] "GET /api/v1/users/profiles/ HTTP/1.1" 304 - "http://localhost:3000/" "Mozilla/5.0 (X11; Linux x86_64) AppleWebKit/537.36 (KHTML, like Gecko) Chrome/91.0.4472.77 Safari/537.36"
::1 - - [13/Jun/2021:10:18:20 +0000] "OPTIONS /api/v1/users/login HTTP/1.1" 204 0 "http://localhost:3000/" "Mozilla/5.0 (X11; Linux x86_64) AppleWebKit/537.36 (KHTML, like Gecko) Chrome/91.0.4472.77 Safari/537.36"
::1 - - [13/Jun/2021:10:18:20 +0000] "POST /api/v1/users/login HTTP/1.1" 200 285 "http://localhost:3000/" "Mozilla/5.0 (X11; Linux x86_64) AppleWebKit/537.36 (KHTML, like Gecko) Chrome/91.0.4472.77 Safari/537.36"
::1 - - [13/Jun/2021:10:18:20 +0000] "GET /api/v1/users/profiles/10 HTTP/1.1" 200 526 "http://localhost:3000/" "Mozilla/5.0 (X11; Linux x86_64) AppleWebKit/537.36 (KHTML, like Gecko) Chrome/91.0.4472.77 Safari/537.36"
::1 - - [13/Jun/2021:10:18:20 +0000] "GET /api/v1/users/profiles/10 HTTP/1.1" 304 - "http://localhost:3000/" "Mozilla/5.0 (X11; Linux x86_64) AppleWebKit/537.36 (KHTML, like Gecko) Chrome/91.0.4472.77 Safari/537.36"
::1 - - [13/Jun/2021:10:18:20 +0000] "GET /api/v1/ratings/user/10/avgrating HTTP/1.1" 201 - "http://localhost:3000/" "Mozilla/5.0 (X11; Linux x86_64) AppleWebKit/537.36 (KHTML, like Gecko) Chrome/91.0.4472.77 Safari/537.36"
::1 - - [13/Jun/2021:10:18:20 +0000] "GET /api/v1/users/skills/10 HTTP/1.1" 201 - "http://localhost:3000/" "Mozilla/5.0 (X11; Linux x86_64) AppleWebKit/537.36 (KHTML, like Gecko) Chrome/91.0.4472.77 Safari/537.36"
::1 - - [13/Jun/2021:10:18:20 +0000] "GET /api/v1/ratings/user/10 HTTP/1.1" 201 - "http://localhost:3000/" "Mozilla/5.0 (X11; Linux x86_64) AppleWebKit/537.36 (KHTML, like Gecko) Chrome/91.0.4472.77 Safari/537.36"
::1 - - [13/Jun/2021:10:18:20 +0000] "GET /api/v1/users/profiles/10 HTTP/1.1" 304 - "http://localhost:3000/" "Mozilla/5.0 (X11; Linux x86_64) AppleWebKit/537.36 (KHTML, like Gecko) Chrome/91.0.4472.77 Safari/537.36"
::1 - - [13/Jun/2021:10:18:20 +0000] "GET /api/v1/users/profiles/10 HTTP/1.1" 304 - "http://localhost:3000/" "Mozilla/5.0 (X11; Linux x86_64) AppleWebKit/537.36 (KHTML, like Gecko) Chrome/91.0.4472.77 Safari/537.36"
::1 - - [13/Jun/2021:10:18:28 +0000] "OPTIONS /api/v1/users/profiles/10 HTTP/1.1" 204 0 "http://localhost:3000/" "Mozilla/5.0 (X11; Linux x86_64) AppleWebKit/537.36 (KHTML, like Gecko) Chrome/91.0.4472.77 Safari/537.36"
::1 - - [13/Jun/2021:10:18:28 +0000] "GET /api/v1/users/profiles/10 HTTP/1.1" 304 - "http://localhost:3000/" "Mozilla/5.0 (X11; Linux x86_64) AppleWebKit/537.36 (KHTML, like Gecko) Chrome/91.0.4472.77 Safari/537.36"
::1 - - [13/Jun/2021:10:18:28 +0000] "GET /api/v1/users/profiles/10 HTTP/1.1" 304 - "http://localhost:3000/" "Mozilla/5.0 (X11; Linux x86_64) AppleWebKit/537.36 (KHTML, like Gecko) Chrome/91.0.4472.77 Safari/537.36"
::1 - - [13/Jun/2021:10:18:28 +0000] "GET /api/v1/users/profiles/10 HTTP/1.1" 304 - "http://localhost:3000/" "Mozilla/5.0 (X11; Linux x86_64) AppleWebKit/537.36 (KHTML, like Gecko) Chrome/91.0.4472.77 Safari/537.36"
::1 - - [13/Jun/2021:10:18:33 +0000] "GET /api/v1/videos/ HTTP/1.1" 304 - "http://localhost:3000/" "Mozilla/5.0 (X11; Linux x86_64) AppleWebKit/537.36 (KHTML, like Gecko) Chrome/91.0.4472.77 Safari/537.36"
::1 - - [13/Jun/2021:10:19:09 +0000] "OPTIONS /api/v1/users/profiles/10 HTTP/1.1" 204 0 "http://localhost:3000/" "Mozilla/5.0 (X11; Linux x86_64) AppleWebKit/537.36 (KHTML, like Gecko) Chrome/91.0.4472.77 Safari/537.36"
::1 - - [13/Jun/2021:10:19:09 +0000] "GET /api/v1/users/profiles/10 HTTP/1.1" 304 - "http://localhost:3000/" "Mozilla/5.0 (X11; Linux x86_64) AppleWebKit/537.36 (KHTML, like Gecko) Chrome/91.0.4472.77 Safari/537.36"
::1 - - [13/Jun/2021:10:19:09 +0000] "GET /api/v1/users/profiles/10 HTTP/1.1" 304 - "http://localhost:3000/" "Mozilla/5.0 (X11; Linux x86_64) AppleWebKit/537.36 (KHTML, like Gecko) Chrome/91.0.4472.77 Safari/537.36"
::1 - - [13/Jun/2021:10:19:09 +0000] "GET /api/v1/users/profiles/10 HTTP/1.1" 304 - "http://localhost:3000/" "Mozilla/5.0 (X11; Linux x86_64) AppleWebKit/537.36 (KHTML, like Gecko) Chrome/91.0.4472.77 Safari/537.36"
::1 - - [13/Jun/2021:10:19:09 +0000] "GET /api/v1/users/profiles/10 HTTP/1.1" 304 - "http://localhost:3000/" "Mozilla/5.0 (X11; Linux x86_64) AppleWebKit/537.36 (KHTML, like Gecko) Chrome/91.0.4472.77 Safari/537.36"
::1 - - [13/Jun/2021:10:19:13 +0000] "GET /api/v1/users/profiles/ HTTP/1.1" 304 - "http://localhost:3000/" "Mozilla/5.0 (X11; Linux x86_64) AppleWebKit/537.36 (KHTML, like Gecko) Chrome/91.0.4472.77 Safari/537.36"
::1 - - [13/Jun/2021:10:19:25 +0000] "OPTIONS /api/v1/users/login HTTP/1.1" 204 0 "http://localhost:3000/" "Mozilla/5.0 (X11; Linux x86_64) AppleWebKit/537.36 (KHTML, like Gecko) Chrome/91.0.4472.77 Safari/537.36"
::1 - - [13/Jun/2021:10:19:25 +0000] "POST /api/v1/users/login HTTP/1.1" 200 301 "http://localhost:3000/" "Mozilla/5.0 (X11; Linux x86_64) AppleWebKit/537.36 (KHTML, like Gecko) Chrome/91.0.4472.77 Safari/537.36"
::1 - - [13/Jun/2021:10:19:25 +0000] "GET /api/v1/users/profiles/12 HTTP/1.1" 304 - "http://localhost:3000/" "Mozilla/5.0 (X11; Linux x86_64) AppleWebKit/537.36 (KHTML, like Gecko) Chrome/91.0.4472.77 Safari/537.36"
::1 - - [13/Jun/2021:10:19:25 +0000] "GET /api/v1/users/profiles/12 HTTP/1.1" 304 - "http://localhost:3000/" "Mozilla/5.0 (X11; Linux x86_64) AppleWebKit/537.36 (KHTML, like Gecko) Chrome/91.0.4472.77 Safari/537.36"
::1 - - [13/Jun/2021:10:19:25 +0000] "GET /api/v1/ratings/user/12/avgrating HTTP/1.1" 201 - "http://localhost:3000/" "Mozilla/5.0 (X11; Linux x86_64) AppleWebKit/537.36 (KHTML, like Gecko) Chrome/91.0.4472.77 Safari/537.36"
::1 - - [13/Jun/2021:10:19:25 +0000] "GET /api/v1/users/profiles/12 HTTP/1.1" 304 - "http://localhost:3000/" "Mozilla/5.0 (X11; Linux x86_64) AppleWebKit/537.36 (KHTML, like Gecko) Chrome/91.0.4472.77 Safari/537.36"
::1 - - [13/Jun/2021:10:19:25 +0000] "GET /api/v1/users/profiles/12 HTTP/1.1" 304 - "http://localhost:3000/" "Mozilla/5.0 (X11; Linux x86_64) AppleWebKit/537.36 (KHTML, like Gecko) Chrome/91.0.4472.77 Safari/537.36"
::1 - - [13/Jun/2021:10:19:28 +0000] "GET /api/v1/videos/ HTTP/1.1" 304 - "http://localhost:3000/" "Mozilla/5.0 (X11; Linux x86_64) AppleWebKit/537.36 (KHTML, like Gecko) Chrome/91.0.4472.77 Safari/537.36"
::1 - - [13/Jun/2021:10:21:59 +0000] "GET /api/v1/users/profiles/ HTTP/1.1" 304 - "http://localhost:3000/" "Mozilla/5.0 (X11; Linux x86_64) AppleWebKit/537.36 (KHTML, like Gecko) Chrome/91.0.4472.77 Safari/537.36"
::1 - - [13/Jun/2021:10:22:14 +0000] "OPTIONS /api/v1/users/login HTTP/1.1" 204 0 "http://localhost:3000/" "Mozilla/5.0 (X11; Linux x86_64) AppleWebKit/537.36 (KHTML, like Gecko) Chrome/91.0.4472.77 Safari/537.36"
::1 - - [13/Jun/2021:10:22:15 +0000] "POST /api/v1/users/login HTTP/1.1" 200 280 "http://localhost:3000/" "Mozilla/5.0 (X11; Linux x86_64) AppleWebKit/537.36 (KHTML, like Gecko) Chrome/91.0.4472.77 Safari/537.36"
::1 - - [13/Jun/2021:10:22:15 +0000] "GET /api/v1/users/profiles/2 HTTP/1.1" 304 - "http://localhost:3000/" "Mozilla/5.0 (X11; Linux x86_64) AppleWebKit/537.36 (KHTML, like Gecko) Chrome/91.0.4472.77 Safari/537.36"
::1 - - [13/Jun/2021:10:22:15 +0000] "GET /api/v1/users/profiles/2 HTTP/1.1" 304 - "http://localhost:3000/" "Mozilla/5.0 (X11; Linux x86_64) AppleWebKit/537.36 (KHTML, like Gecko) Chrome/91.0.4472.77 Safari/537.36"
::1 - - [13/Jun/2021:10:22:15 +0000] "GET /api/v1/ratings/user/2/avgrating HTTP/1.1" 201 - "http://localhost:3000/" "Mozilla/5.0 (X11; Linux x86_64) AppleWebKit/537.36 (KHTML, like Gecko) Chrome/91.0.4472.77 Safari/537.36"
::1 - - [13/Jun/2021:10:22:15 +0000] "GET /api/v1/users/skills/2 HTTP/1.1" 201 - "http://localhost:3000/" "Mozilla/5.0 (X11; Linux x86_64) AppleWebKit/537.36 (KHTML, like Gecko) Chrome/91.0.4472.77 Safari/537.36"
::1 - - [13/Jun/2021:10:22:15 +0000] "GET /api/v1/ratings/user/2 HTTP/1.1" 201 - "http://localhost:3000/" "Mozilla/5.0 (X11; Linux x86_64) AppleWebKit/537.36 (KHTML, like Gecko) Chrome/91.0.4472.77 Safari/537.36"
::1 - - [13/Jun/2021:10:22:15 +0000] "GET /api/v1/users/profiles/2 HTTP/1.1" 304 - "http://localhost:3000/" "Mozilla/5.0 (X11; Linux x86_64) AppleWebKit/537.36 (KHTML, like Gecko) Chrome/91.0.4472.77 Safari/537.36"
::1 - - [13/Jun/2021:10:22:15 +0000] "GET /api/v1/users/profiles/2 HTTP/1.1" 304 - "http://localhost:3000/" "Mozilla/5.0 (X11; Linux x86_64) AppleWebKit/537.36 (KHTML, like Gecko) Chrome/91.0.4472.77 Safari/537.36"
::1 - - [13/Jun/2021:10:22:30 +0000] "OPTIONS /api/v1/users/profiles/2 HTTP/1.1" 204 0 "http://localhost:3000/" "Mozilla/5.0 (X11; Linux x86_64) AppleWebKit/537.36 (KHTML, like Gecko) Chrome/91.0.4472.77 Safari/537.36"
::1 - - [13/Jun/2021:10:22:30 +0000] "GET /api/v1/users/profiles/2 HTTP/1.1" 304 - "http://localhost:3000/" "Mozilla/5.0 (X11; Linux x86_64) AppleWebKit/537.36 (KHTML, like Gecko) Chrome/91.0.4472.77 Safari/537.36"
::1 - - [13/Jun/2021:10:22:30 +0000] "GET /api/v1/users/profiles/2 HTTP/1.1" 304 - "http://localhost:3000/" "Mozilla/5.0 (X11; Linux x86_64) AppleWebKit/537.36 (KHTML, like Gecko) Chrome/91.0.4472.77 Safari/537.36"
::1 - - [13/Jun/2021:10:22:30 +0000] "GET /api/v1/users/profiles/2 HTTP/1.1" 304 - "http://localhost:3000/" "Mozilla/5.0 (X11; Linux x86_64) AppleWebKit/537.36 (KHTML, like Gecko) Chrome/91.0.4472.77 Safari/537.36"
::1 - - [13/Jun/2021:10:22:42 +0000] "OPTIONS /api/v1/users/profiles/upload-photo/2 HTTP/1.1" 204 0 "http://localhost:3000/" "Mozilla/5.0 (X11; Linux x86_64) AppleWebKit/537.36 (KHTML, like Gecko) Chrome/91.0.4472.77 Safari/537.36"
::1 - - [13/Jun/2021:10:22:42 +0000] "POST /api/v1/users/profiles/upload-photo/2 HTTP/1.1" 201 100 "http://localhost:3000/" "Mozilla/5.0 (X11; Linux x86_64) AppleWebKit/537.36 (KHTML, like Gecko) Chrome/91.0.4472.77 Safari/537.36"
::1 - - [13/Jun/2021:10:22:44 +0000] "POST /api/v1/users/profiles/upload-photo/2 HTTP/1.1" 201 100 "http://localhost:3000/" "Mozilla/5.0 (X11; Linux x86_64) AppleWebKit/537.36 (KHTML, like Gecko) Chrome/91.0.4472.77 Safari/537.36"
::1 - - [13/Jun/2021:10:22:44 +0000] "OPTIONS /api/v1/users/profiles/2 HTTP/1.1" 204 0 "http://localhost:3000/" "Mozilla/5.0 (X11; Linux x86_64) AppleWebKit/537.36 (KHTML, like Gecko) Chrome/91.0.4472.77 Safari/537.36"
::1 - - [13/Jun/2021:10:22:44 +0000] "GET /api/v1/users/profiles/2 HTTP/1.1" 200 517 "http://localhost:3000/" "Mozilla/5.0 (X11; Linux x86_64) AppleWebKit/537.36 (KHTML, like Gecko) Chrome/91.0.4472.77 Safari/537.36"
::1 - - [13/Jun/2021:10:22:44 +0000] "GET /api/v1/users/profiles/2 HTTP/1.1" 304 - "http://localhost:3000/" "Mozilla/5.0 (X11; Linux x86_64) AppleWebKit/537.36 (KHTML, like Gecko) Chrome/91.0.4472.77 Safari/537.36"
::1 - - [13/Jun/2021:10:22:44 +0000] "GET /api/v1/users/profiles/2 HTTP/1.1" 304 - "http://localhost:3000/" "Mozilla/5.0 (X11; Linux x86_64) AppleWebKit/537.36 (KHTML, like Gecko) Chrome/91.0.4472.77 Safari/537.36"
::1 - - [13/Jun/2021:10:22:44 +0000] "GET /api/v1/users/profiles/2 HTTP/1.1" 304 - "http://localhost:3000/" "Mozilla/5.0 (X11; Linux x86_64) AppleWebKit/537.36 (KHTML, like Gecko) Chrome/91.0.4472.77 Safari/537.36"
::1 - - [13/Jun/2021:10:22:59 +0000] "GET /api/v1/users/profiles/ HTTP/1.1" 200 5740 "http://localhost:3000/" "Mozilla/5.0 (X11; Linux x86_64) AppleWebKit/537.36 (KHTML, like Gecko) Chrome/91.0.4472.77 Safari/537.36"
::1 - - [13/Jun/2021:10:23:19 +0000] "OPTIONS /api/v1/users/login HTTP/1.1" 204 0 "http://localhost:3000/" "Mozilla/5.0 (X11; Linux x86_64) AppleWebKit/537.36 (KHTML, like Gecko) Chrome/91.0.4472.77 Safari/537.36"
::1 - - [13/Jun/2021:10:23:19 +0000] "POST /api/v1/users/login HTTP/1.1" 200 301 "http://localhost:3000/" "Mozilla/5.0 (X11; Linux x86_64) AppleWebKit/537.36 (KHTML, like Gecko) Chrome/91.0.4472.77 Safari/537.36"
::1 - - [13/Jun/2021:10:23:19 +0000] "GET /api/v1/users/profiles/12 HTTP/1.1" 304 - "http://localhost:3000/" "Mozilla/5.0 (X11; Linux x86_64) AppleWebKit/537.36 (KHTML, like Gecko) Chrome/91.0.4472.77 Safari/537.36"
::1 - - [13/Jun/2021:10:23:19 +0000] "GET /api/v1/users/profiles/12 HTTP/1.1" 304 - "http://localhost:3000/" "Mozilla/5.0 (X11; Linux x86_64) AppleWebKit/537.36 (KHTML, like Gecko) Chrome/91.0.4472.77 Safari/537.36"
::1 - - [13/Jun/2021:10:23:19 +0000] "GET /api/v1/ratings/user/12/avgrating HTTP/1.1" 201 - "http://localhost:3000/" "Mozilla/5.0 (X11; Linux x86_64) AppleWebKit/537.36 (KHTML, like Gecko) Chrome/91.0.4472.77 Safari/537.36"
::1 - - [13/Jun/2021:10:23:19 +0000] "GET /api/v1/users/profiles/12 HTTP/1.1" 304 - "http://localhost:3000/" "Mozilla/5.0 (X11; Linux x86_64) AppleWebKit/537.36 (KHTML, like Gecko) Chrome/91.0.4472.77 Safari/537.36"
::1 - - [13/Jun/2021:10:23:19 +0000] "GET /api/v1/users/profiles/12 HTTP/1.1" 304 - "http://localhost:3000/" "Mozilla/5.0 (X11; Linux x86_64) AppleWebKit/537.36 (KHTML, like Gecko) Chrome/91.0.4472.77 Safari/537.36"
::1 - - [13/Jun/2021:10:23:21 +0000] "GET /api/v1/videos/ HTTP/1.1" 200 8291 "http://localhost:3000/" "Mozilla/5.0 (X11; Linux x86_64) AppleWebKit/537.36 (KHTML, like Gecko) Chrome/91.0.4472.77 Safari/537.36"
::1 - - [13/Jun/2021:10:23:36 +0000] "GET /api/v1/videos/ HTTP/1.1" 304 - "http://localhost:3000/" "Mozilla/5.0 (X11; Linux x86_64) AppleWebKit/537.36 (KHTML, like Gecko) Chrome/91.0.4472.77 Safari/537.36"
::1 - - [13/Jun/2021:10:23:46 +0000] "GET /api/v1/videos/ HTTP/1.1" 304 - "http://localhost:3000/" "Mozilla/5.0 (X11; Linux x86_64) AppleWebKit/537.36 (KHTML, like Gecko) Chrome/91.0.4472.77 Safari/537.36"
::1 - - [13/Jun/2021:10:27:28 +0000] "GET /api/v1/videos/ HTTP/1.1" 304 - "http://localhost:3000/" "Mozilla/5.0 (X11; Linux x86_64) AppleWebKit/537.36 (KHTML, like Gecko) Chrome/91.0.4472.77 Safari/537.36"
::1 - - [13/Jun/2021:11:41:11 +0000] "GET /api/v1/contact/55 HTTP/1.1" 500 103 "-" "PostmanRuntime/7.26.8"
::1 - - [13/Jun/2021:11:41:21 +0000] "POST /api/v1/users/login/ HTTP/1.1" 200 285 "-" "PostmanRuntime/7.26.8"
::1 - - [13/Jun/2021:11:41:25 +0000] "GET /api/v1/contact/55 HTTP/1.1" 401 34 "-" "PostmanRuntime/7.26.8"
::1 - - [13/Jun/2021:11:41:48 +0000] "GET /api/v1/contact/43 HTTP/1.1" 401 34 "-" "PostmanRuntime/7.26.8"
::1 - - [13/Jun/2021:11:43:37 +0000] "GET /api/v1/contact/player/10 HTTP/1.1" 201 3667 "-" "PostmanRuntime/7.26.8"
::1 - - [13/Jun/2021:11:43:50 +0000] "GET /api/v1/contact/23 HTTP/1.1" 401 34 "-" "PostmanRuntime/7.26.8"
::1 - - [13/Jun/2021:11:55:46 +0000] "GET /api/v1/contact/23 HTTP/1.1" 401 34 "-" "PostmanRuntime/7.26.8"
::1 - - [13/Jun/2021:11:56:19 +0000] "GET /api/v1/contact/23 HTTP/1.1" 401 34 "-" "PostmanRuntime/7.26.8"
::1 - - [13/Jun/2021:11:56:44 +0000] "POST /api/v1/users/login/ HTTP/1.1" 200 285 "-" "PostmanRuntime/7.26.8"
::1 - - [13/Jun/2021:11:56:50 +0000] "GET /api/v1/contact/23 HTTP/1.1" 401 34 "-" "PostmanRuntime/7.26.8"
::1 - - [13/Jun/2021:11:58:02 +0000] "GET /api/v1/contact/23 HTTP/1.1" 401 34 "-" "PostmanRuntime/7.26.8"
::1 - - [13/Jun/2021:11:59:01 +0000] "GET /api/v1/contact/23 HTTP/1.1" 401 34 "-" "PostmanRuntime/7.26.8"
::1 - - [13/Jun/2021:11:59:18 +0000] "GET /api/v1/contact/23 HTTP/1.1" 401 34 "-" "PostmanRuntime/7.26.8"
::1 - - [13/Jun/2021:12:01:50 +0000] "GET /api/v1/contact/23 HTTP/1.1" 401 34 "-" "PostmanRuntime/7.26.8"
::1 - - [13/Jun/2021:12:02:22 +0000] "GET /api/v1/contact/10/23 HTTP/1.1" 500 14 "-" "PostmanRuntime/7.26.8"
::1 - - [13/Jun/2021:12:02:51 +0000] "GET /api/v1/contact/10/23 HTTP/1.1" 500 14 "-" "PostmanRuntime/7.26.8"
::1 - - [13/Jun/2021:12:03:13 +0000] "GET /api/v1/contact/10/23 HTTP/1.1" 201 241 "-" "PostmanRuntime/7.26.8"
::1 - - [13/Jun/2021:14:18:51 +0000] "GET /api/v1/users/profiles/12 HTTP/1.1" 304 - "http://localhost:3000/" "Mozilla/5.0 (X11; Linux x86_64) AppleWebKit/537.36 (KHTML, like Gecko) Chrome/91.0.4472.77 Safari/537.36"
::1 - - [13/Jun/2021:14:18:51 +0000] "GET /api/v1/videos/ HTTP/1.1" 304 - "http://localhost:3000/" "Mozilla/5.0 (X11; Linux x86_64) AppleWebKit/537.36 (KHTML, like Gecko) Chrome/91.0.4472.77 Safari/537.36"
::1 - - [13/Jun/2021:14:18:59 +0000] "GET /api/v1/users/profiles/ HTTP/1.1" 304 - "http://localhost:3000/" "Mozilla/5.0 (X11; Linux x86_64) AppleWebKit/537.36 (KHTML, like Gecko) Chrome/91.0.4472.77 Safari/537.36"
::1 - - [13/Jun/2021:14:19:09 +0000] "OPTIONS /api/v1/users/login HTTP/1.1" 204 0 "http://localhost:3000/" "Mozilla/5.0 (X11; Linux x86_64) AppleWebKit/537.36 (KHTML, like Gecko) Chrome/91.0.4472.77 Safari/537.36"
::1 - - [13/Jun/2021:14:19:09 +0000] "POST /api/v1/users/login HTTP/1.1" 200 301 "http://localhost:3000/" "Mozilla/5.0 (X11; Linux x86_64) AppleWebKit/537.36 (KHTML, like Gecko) Chrome/91.0.4472.77 Safari/537.36"
::1 - - [13/Jun/2021:14:19:09 +0000] "GET /api/v1/users/profiles/12 HTTP/1.1" 304 - "http://localhost:3000/" "Mozilla/5.0 (X11; Linux x86_64) AppleWebKit/537.36 (KHTML, like Gecko) Chrome/91.0.4472.77 Safari/537.36"
::1 - - [13/Jun/2021:14:19:09 +0000] "GET /api/v1/users/profiles/12 HTTP/1.1" 304 - "http://localhost:3000/" "Mozilla/5.0 (X11; Linux x86_64) AppleWebKit/537.36 (KHTML, like Gecko) Chrome/91.0.4472.77 Safari/537.36"
::1 - - [13/Jun/2021:14:19:09 +0000] "GET /api/v1/ratings/user/12/avgrating HTTP/1.1" 201 - "http://localhost:3000/" "Mozilla/5.0 (X11; Linux x86_64) AppleWebKit/537.36 (KHTML, like Gecko) Chrome/91.0.4472.77 Safari/537.36"
::1 - - [13/Jun/2021:14:19:09 +0000] "GET /api/v1/users/profiles/12 HTTP/1.1" 304 - "http://localhost:3000/" "Mozilla/5.0 (X11; Linux x86_64) AppleWebKit/537.36 (KHTML, like Gecko) Chrome/91.0.4472.77 Safari/537.36"
::1 - - [13/Jun/2021:14:19:09 +0000] "GET /api/v1/users/profiles/12 HTTP/1.1" 304 - "http://localhost:3000/" "Mozilla/5.0 (X11; Linux x86_64) AppleWebKit/537.36 (KHTML, like Gecko) Chrome/91.0.4472.77 Safari/537.36"
::1 - - [13/Jun/2021:14:19:14 +0000] "GET /api/v1/videos/ HTTP/1.1" 304 - "http://localhost:3000/" "Mozilla/5.0 (X11; Linux x86_64) AppleWebKit/537.36 (KHTML, like Gecko) Chrome/91.0.4472.77 Safari/537.36"
::1 - - [13/Jun/2021:14:19:27 +0000] "OPTIONS /api/v1/contact/user/2 HTTP/1.1" 204 0 "http://localhost:3000/" "Mozilla/5.0 (X11; Linux x86_64) AppleWebKit/537.36 (KHTML, like Gecko) Chrome/91.0.4472.77 Safari/537.36"
::1 - - [13/Jun/2021:14:19:28 +0000] "POST /api/v1/contact/user/2 HTTP/1.1" 201 118 "http://localhost:3000/" "Mozilla/5.0 (X11; Linux x86_64) AppleWebKit/537.36 (KHTML, like Gecko) Chrome/91.0.4472.77 Safari/537.36"
::1 - - [13/Jun/2021:14:19:44 +0000] "OPTIONS /api/v1/contact/user/2 HTTP/1.1" 204 0 "http://localhost:3000/" "Mozilla/5.0 (X11; Linux x86_64) AppleWebKit/537.36 (KHTML, like Gecko) Chrome/91.0.4472.77 Safari/537.36"
::1 - - [13/Jun/2021:14:19:44 +0000] "POST /api/v1/contact/user/2 HTTP/1.1" 201 118 "http://localhost:3000/" "Mozilla/5.0 (X11; Linux x86_64) AppleWebKit/537.36 (KHTML, like Gecko) Chrome/91.0.4472.77 Safari/537.36"
::1 - - [13/Jun/2021:14:23:07 +0000] "OPTIONS /api/v1/contact/user/2 HTTP/1.1" 204 0 "http://localhost:3000/" "Mozilla/5.0 (X11; Linux x86_64) AppleWebKit/537.36 (KHTML, like Gecko) Chrome/91.0.4472.77 Safari/537.36"
::1 - - [13/Jun/2021:14:23:07 +0000] "POST /api/v1/contact/user/2 HTTP/1.1" 201 146 "http://localhost:3000/" "Mozilla/5.0 (X11; Linux x86_64) AppleWebKit/537.36 (KHTML, like Gecko) Chrome/91.0.4472.77 Safari/537.36"
::1 - - [13/Jun/2021:14:25:09 +0000] "GET /api/v1/videos/ HTTP/1.1" 304 - "http://localhost:3000/" "Mozilla/5.0 (X11; Linux x86_64) AppleWebKit/537.36 (KHTML, like Gecko) Chrome/91.0.4472.77 Safari/537.36"
::1 - - [13/Jun/2021:14:25:15 +0000] "GET /api/v1/videos/ HTTP/1.1" 304 - "http://localhost:3000/" "Mozilla/5.0 (X11; Linux x86_64) AppleWebKit/537.36 (KHTML, like Gecko) Chrome/91.0.4472.77 Safari/537.36"
::1 - - [13/Jun/2021:14:27:11 +0000] "OPTIONS /api/v1/users/profiles/12 HTTP/1.1" 204 0 "http://localhost:3000/" "Mozilla/5.0 (X11; Linux x86_64) AppleWebKit/537.36 (KHTML, like Gecko) Chrome/91.0.4472.77 Safari/537.36"
::1 - - [13/Jun/2021:14:27:11 +0000] "GET /api/v1/users/profiles/12 HTTP/1.1" 304 - "http://localhost:3000/" "Mozilla/5.0 (X11; Linux x86_64) AppleWebKit/537.36 (KHTML, like Gecko) Chrome/91.0.4472.77 Safari/537.36"
::1 - - [13/Jun/2021:14:27:11 +0000] "GET /api/v1/users/profiles/12 HTTP/1.1" 304 - "http://localhost:3000/" "Mozilla/5.0 (X11; Linux x86_64) AppleWebKit/537.36 (KHTML, like Gecko) Chrome/91.0.4472.77 Safari/537.36"
::1 - - [13/Jun/2021:14:27:11 +0000] "GET /api/v1/users/profiles/12 HTTP/1.1" 304 - "http://localhost:3000/" "Mozilla/5.0 (X11; Linux x86_64) AppleWebKit/537.36 (KHTML, like Gecko) Chrome/91.0.4472.77 Safari/537.36"
::1 - - [13/Jun/2021:14:27:11 +0000] "GET /api/v1/users/profiles/12 HTTP/1.1" 304 - "http://localhost:3000/" "Mozilla/5.0 (X11; Linux x86_64) AppleWebKit/537.36 (KHTML, like Gecko) Chrome/91.0.4472.77 Safari/537.36"
::1 - - [13/Jun/2021:14:27:16 +0000] "GET /api/v1/users/profiles/12 HTTP/1.1" 304 - "http://localhost:3000/" "Mozilla/5.0 (X11; Linux x86_64) AppleWebKit/537.36 (KHTML, like Gecko) Chrome/91.0.4472.77 Safari/537.36"
::1 - - [13/Jun/2021:14:27:16 +0000] "GET /api/v1/ratings/user/12/avgrating HTTP/1.1" 201 - "http://localhost:3000/" "Mozilla/5.0 (X11; Linux x86_64) AppleWebKit/537.36 (KHTML, like Gecko) Chrome/91.0.4472.77 Safari/537.36"
::1 - - [13/Jun/2021:14:27:16 +0000] "GET /api/v1/users/profiles/12 HTTP/1.1" 304 - "http://localhost:3000/" "Mozilla/5.0 (X11; Linux x86_64) AppleWebKit/537.36 (KHTML, like Gecko) Chrome/91.0.4472.77 Safari/537.36"
::1 - - [13/Jun/2021:14:27:16 +0000] "GET /api/v1/users/profiles/12 HTTP/1.1" 304 - "http://localhost:3000/" "Mozilla/5.0 (X11; Linux x86_64) AppleWebKit/537.36 (KHTML, like Gecko) Chrome/91.0.4472.77 Safari/537.36"
::1 - - [13/Jun/2021:14:27:19 +0000] "OPTIONS /api/v1/users/profiles/12 HTTP/1.1" 204 0 "http://localhost:3000/" "Mozilla/5.0 (X11; Linux x86_64) AppleWebKit/537.36 (KHTML, like Gecko) Chrome/91.0.4472.77 Safari/537.36"
::1 - - [13/Jun/2021:14:27:19 +0000] "GET /api/v1/users/profiles/12 HTTP/1.1" 304 - "http://localhost:3000/" "Mozilla/5.0 (X11; Linux x86_64) AppleWebKit/537.36 (KHTML, like Gecko) Chrome/91.0.4472.77 Safari/537.36"
::1 - - [13/Jun/2021:14:27:19 +0000] "GET /api/v1/users/profiles/12 HTTP/1.1" 304 - "http://localhost:3000/" "Mozilla/5.0 (X11; Linux x86_64) AppleWebKit/537.36 (KHTML, like Gecko) Chrome/91.0.4472.77 Safari/537.36"
::1 - - [13/Jun/2021:14:27:19 +0000] "GET /api/v1/users/profiles/12 HTTP/1.1" 304 - "http://localhost:3000/" "Mozilla/5.0 (X11; Linux x86_64) AppleWebKit/537.36 (KHTML, like Gecko) Chrome/91.0.4472.77 Safari/537.36"
::1 - - [13/Jun/2021:14:27:23 +0000] "OPTIONS /api/v1/users/profiles/upload-photo/12 HTTP/1.1" 204 0 "http://localhost:3000/" "Mozilla/5.0 (X11; Linux x86_64) AppleWebKit/537.36 (KHTML, like Gecko) Chrome/91.0.4472.77 Safari/537.36"
::1 - - [13/Jun/2021:14:27:23 +0000] "POST /api/v1/users/profiles/upload-photo/12 HTTP/1.1" 400 75 "http://localhost:3000/" "Mozilla/5.0 (X11; Linux x86_64) AppleWebKit/537.36 (KHTML, like Gecko) Chrome/91.0.4472.77 Safari/537.36"
::1 - - [13/Jun/2021:14:27:49 +0000] "OPTIONS /api/v1/users/profiles/upload-photo/12 HTTP/1.1" 204 0 "http://localhost:3000/" "Mozilla/5.0 (X11; Linux x86_64) AppleWebKit/537.36 (KHTML, like Gecko) Chrome/91.0.4472.77 Safari/537.36"
::1 - - [13/Jun/2021:14:27:49 +0000] "POST /api/v1/users/profiles/upload-photo/12 HTTP/1.1" 201 101 "http://localhost:3000/" "Mozilla/5.0 (X11; Linux x86_64) AppleWebKit/537.36 (KHTML, like Gecko) Chrome/91.0.4472.77 Safari/537.36"
::1 - - [13/Jun/2021:14:27:58 +0000] "OPTIONS /api/v1/users/profiles/12 HTTP/1.1" 204 0 "http://localhost:3000/" "Mozilla/5.0 (X11; Linux x86_64) AppleWebKit/537.36 (KHTML, like Gecko) Chrome/91.0.4472.77 Safari/537.36"
::1 - - [13/Jun/2021:14:27:58 +0000] "GET /api/v1/users/profiles/12 HTTP/1.1" 200 514 "http://localhost:3000/" "Mozilla/5.0 (X11; Linux x86_64) AppleWebKit/537.36 (KHTML, like Gecko) Chrome/91.0.4472.77 Safari/537.36"
::1 - - [13/Jun/2021:14:27:58 +0000] "GET /api/v1/users/profiles/12 HTTP/1.1" 304 - "http://localhost:3000/" "Mozilla/5.0 (X11; Linux x86_64) AppleWebKit/537.36 (KHTML, like Gecko) Chrome/91.0.4472.77 Safari/537.36"
::1 - - [13/Jun/2021:14:27:58 +0000] "GET /api/v1/users/profiles/12 HTTP/1.1" 304 - "http://localhost:3000/" "Mozilla/5.0 (X11; Linux x86_64) AppleWebKit/537.36 (KHTML, like Gecko) Chrome/91.0.4472.77 Safari/537.36"
::1 - - [13/Jun/2021:14:27:58 +0000] "GET /api/v1/users/profiles/12 HTTP/1.1" 304 - "http://localhost:3000/" "Mozilla/5.0 (X11; Linux x86_64) AppleWebKit/537.36 (KHTML, like Gecko) Chrome/91.0.4472.77 Safari/537.36"
::1 - - [13/Jun/2021:14:28:09 +0000] "OPTIONS /api/v1/users/profiles/upload-photo/12 HTTP/1.1" 204 0 "http://localhost:3000/" "Mozilla/5.0 (X11; Linux x86_64) AppleWebKit/537.36 (KHTML, like Gecko) Chrome/91.0.4472.77 Safari/537.36"
::1 - - [13/Jun/2021:14:28:09 +0000] "POST /api/v1/users/profiles/upload-photo/12 HTTP/1.1" 201 101 "http://localhost:3000/" "Mozilla/5.0 (X11; Linux x86_64) AppleWebKit/537.36 (KHTML, like Gecko) Chrome/91.0.4472.77 Safari/537.36"
::1 - - [13/Jun/2021:14:28:13 +0000] "OPTIONS /api/v1/users/profiles/12 HTTP/1.1" 204 0 "http://localhost:3000/" "Mozilla/5.0 (X11; Linux x86_64) AppleWebKit/537.36 (KHTML, like Gecko) Chrome/91.0.4472.77 Safari/537.36"
::1 - - [13/Jun/2021:14:28:13 +0000] "GET /api/v1/users/profiles/12 HTTP/1.1" 200 514 "http://localhost:3000/" "Mozilla/5.0 (X11; Linux x86_64) AppleWebKit/537.36 (KHTML, like Gecko) Chrome/91.0.4472.77 Safari/537.36"
::1 - - [13/Jun/2021:14:28:13 +0000] "GET /api/v1/users/profiles/12 HTTP/1.1" 304 - "http://localhost:3000/" "Mozilla/5.0 (X11; Linux x86_64) AppleWebKit/537.36 (KHTML, like Gecko) Chrome/91.0.4472.77 Safari/537.36"
::1 - - [13/Jun/2021:14:28:13 +0000] "GET /api/v1/users/profiles/12 HTTP/1.1" 304 - "http://localhost:3000/" "Mozilla/5.0 (X11; Linux x86_64) AppleWebKit/537.36 (KHTML, like Gecko) Chrome/91.0.4472.77 Safari/537.36"
::1 - - [13/Jun/2021:14:28:13 +0000] "GET /api/v1/users/profiles/12 HTTP/1.1" 304 - "http://localhost:3000/" "Mozilla/5.0 (X11; Linux x86_64) AppleWebKit/537.36 (KHTML, like Gecko) Chrome/91.0.4472.77 Safari/537.36"
::1 - - [13/Jun/2021:14:29:59 +0000] "OPTIONS /api/v1/users/profiles/upload-photo/12 HTTP/1.1" 204 0 "http://localhost:3000/" "Mozilla/5.0 (X11; Linux x86_64) AppleWebKit/537.36 (KHTML, like Gecko) Chrome/91.0.4472.77 Safari/537.36"
::1 - - [13/Jun/2021:14:29:59 +0000] "POST /api/v1/users/profiles/upload-photo/12 HTTP/1.1" 201 101 "http://localhost:3000/" "Mozilla/5.0 (X11; Linux x86_64) AppleWebKit/537.36 (KHTML, like Gecko) Chrome/91.0.4472.77 Safari/537.36"
::1 - - [13/Jun/2021:14:30:05 +0000] "OPTIONS /api/v1/users/profiles/12 HTTP/1.1" 204 0 "http://localhost:3000/" "Mozilla/5.0 (X11; Linux x86_64) AppleWebKit/537.36 (KHTML, like Gecko) Chrome/91.0.4472.77 Safari/537.36"
::1 - - [13/Jun/2021:14:30:05 +0000] "GET /api/v1/users/profiles/12 HTTP/1.1" 200 514 "http://localhost:3000/" "Mozilla/5.0 (X11; Linux x86_64) AppleWebKit/537.36 (KHTML, like Gecko) Chrome/91.0.4472.77 Safari/537.36"
::1 - - [13/Jun/2021:14:30:05 +0000] "GET /api/v1/users/profiles/12 HTTP/1.1" 304 - "http://localhost:3000/" "Mozilla/5.0 (X11; Linux x86_64) AppleWebKit/537.36 (KHTML, like Gecko) Chrome/91.0.4472.77 Safari/537.36"
::1 - - [13/Jun/2021:14:30:05 +0000] "GET /api/v1/users/profiles/12 HTTP/1.1" 304 - "http://localhost:3000/" "Mozilla/5.0 (X11; Linux x86_64) AppleWebKit/537.36 (KHTML, like Gecko) Chrome/91.0.4472.77 Safari/537.36"
::1 - - [13/Jun/2021:14:30:05 +0000] "GET /api/v1/users/profiles/12 HTTP/1.1" 304 - "http://localhost:3000/" "Mozilla/5.0 (X11; Linux x86_64) AppleWebKit/537.36 (KHTML, like Gecko) Chrome/91.0.4472.77 Safari/537.36"
::1 - - [13/Jun/2021:14:30:30 +0000] "OPTIONS /api/v1/users/profiles/upload-photo/12 HTTP/1.1" 204 0 "http://localhost:3000/" "Mozilla/5.0 (X11; Linux x86_64) AppleWebKit/537.36 (KHTML, like Gecko) Chrome/91.0.4472.77 Safari/537.36"
::1 - - [13/Jun/2021:14:30:30 +0000] "POST /api/v1/users/profiles/upload-photo/12 HTTP/1.1" 201 101 "http://localhost:3000/" "Mozilla/5.0 (X11; Linux x86_64) AppleWebKit/537.36 (KHTML, like Gecko) Chrome/91.0.4472.77 Safari/537.36"
::1 - - [13/Jun/2021:14:32:59 +0000] "GET /api/v1/users/profiles/ HTTP/1.1" 200 5740 "http://localhost:3000/" "Mozilla/5.0 (X11; Linux x86_64) AppleWebKit/537.36 (KHTML, like Gecko) Chrome/91.0.4472.77 Safari/537.36"
::1 - - [13/Jun/2021:14:33:36 +0000] "OPTIONS /api/v1/users/login HTTP/1.1" 204 0 "http://localhost:3000/" "Mozilla/5.0 (X11; Linux x86_64) AppleWebKit/537.36 (KHTML, like Gecko) Chrome/91.0.4472.77 Safari/537.36"
::1 - - [13/Jun/2021:14:33:37 +0000] "POST /api/v1/users/login HTTP/1.1" 200 285 "http://localhost:3000/" "Mozilla/5.0 (X11; Linux x86_64) AppleWebKit/537.36 (KHTML, like Gecko) Chrome/91.0.4472.77 Safari/537.36"
::1 - - [13/Jun/2021:14:33:37 +0000] "GET /api/v1/users/profiles/10 HTTP/1.1" 304 - "http://localhost:3000/" "Mozilla/5.0 (X11; Linux x86_64) AppleWebKit/537.36 (KHTML, like Gecko) Chrome/91.0.4472.77 Safari/537.36"
::1 - - [13/Jun/2021:14:33:37 +0000] "GET /api/v1/users/profiles/10 HTTP/1.1" 304 - "http://localhost:3000/" "Mozilla/5.0 (X11; Linux x86_64) AppleWebKit/537.36 (KHTML, like Gecko) Chrome/91.0.4472.77 Safari/537.36"
::1 - - [13/Jun/2021:14:33:37 +0000] "GET /api/v1/ratings/user/10/avgrating HTTP/1.1" 201 - "http://localhost:3000/" "Mozilla/5.0 (X11; Linux x86_64) AppleWebKit/537.36 (KHTML, like Gecko) Chrome/91.0.4472.77 Safari/537.36"
::1 - - [13/Jun/2021:14:33:37 +0000] "GET /api/v1/users/skills/10 HTTP/1.1" 201 - "http://localhost:3000/" "Mozilla/5.0 (X11; Linux x86_64) AppleWebKit/537.36 (KHTML, like Gecko) Chrome/91.0.4472.77 Safari/537.36"
::1 - - [13/Jun/2021:14:33:37 +0000] "GET /api/v1/ratings/user/10 HTTP/1.1" 201 - "http://localhost:3000/" "Mozilla/5.0 (X11; Linux x86_64) AppleWebKit/537.36 (KHTML, like Gecko) Chrome/91.0.4472.77 Safari/537.36"
::1 - - [13/Jun/2021:14:33:37 +0000] "GET /api/v1/users/profiles/10 HTTP/1.1" 304 - "http://localhost:3000/" "Mozilla/5.0 (X11; Linux x86_64) AppleWebKit/537.36 (KHTML, like Gecko) Chrome/91.0.4472.77 Safari/537.36"
::1 - - [13/Jun/2021:14:33:37 +0000] "GET /api/v1/users/profiles/10 HTTP/1.1" 304 - "http://localhost:3000/" "Mozilla/5.0 (X11; Linux x86_64) AppleWebKit/537.36 (KHTML, like Gecko) Chrome/91.0.4472.77 Safari/537.36"
::1 - - [13/Jun/2021:14:34:32 +0000] "GET /api/v1/videos/ HTTP/1.1" 304 - "http://localhost:3000/" "Mozilla/5.0 (X11; Linux x86_64) AppleWebKit/537.36 (KHTML, like Gecko) Chrome/91.0.4472.77 Safari/537.36"
::1 - - [13/Jun/2021:14:34:52 +0000] "GET /api/v1/users/profiles/2 HTTP/1.1" 304 - "http://localhost:3000/" "Mozilla/5.0 (X11; Linux x86_64) AppleWebKit/537.36 (KHTML, like Gecko) Chrome/91.0.4472.77 Safari/537.36"
::1 - - [13/Jun/2021:14:34:52 +0000] "GET /api/v1/ratings/user/2/avgrating HTTP/1.1" 201 - "http://localhost:3000/" "Mozilla/5.0 (X11; Linux x86_64) AppleWebKit/537.36 (KHTML, like Gecko) Chrome/91.0.4472.77 Safari/537.36"
::1 - - [13/Jun/2021:14:34:52 +0000] "GET /api/v1/users/skills/2 HTTP/1.1" 201 - "http://localhost:3000/" "Mozilla/5.0 (X11; Linux x86_64) AppleWebKit/537.36 (KHTML, like Gecko) Chrome/91.0.4472.77 Safari/537.36"
::1 - - [13/Jun/2021:14:34:52 +0000] "GET /api/v1/ratings/user/2 HTTP/1.1" 201 - "http://localhost:3000/" "Mozilla/5.0 (X11; Linux x86_64) AppleWebKit/537.36 (KHTML, like Gecko) Chrome/91.0.4472.77 Safari/537.36"
::1 - - [13/Jun/2021:14:34:52 +0000] "GET /api/v1/users/profiles/2 HTTP/1.1" 304 - "http://localhost:3000/" "Mozilla/5.0 (X11; Linux x86_64) AppleWebKit/537.36 (KHTML, like Gecko) Chrome/91.0.4472.77 Safari/537.36"
::1 - - [13/Jun/2021:14:34:52 +0000] "GET /api/v1/users/profiles/2 HTTP/1.1" 304 - "http://localhost:3000/" "Mozilla/5.0 (X11; Linux x86_64) AppleWebKit/537.36 (KHTML, like Gecko) Chrome/91.0.4472.77 Safari/537.36"
::1 - - [13/Jun/2021:14:35:05 +0000] "GET /api/v1/users/profiles/ HTTP/1.1" 304 - "http://localhost:3000/" "Mozilla/5.0 (X11; Linux x86_64) AppleWebKit/537.36 (KHTML, like Gecko) Chrome/91.0.4472.77 Safari/537.36"
::1 - - [13/Jun/2021:14:35:05 +0000] "GET /api/v1/videos/ HTTP/1.1" 304 - "http://localhost:3000/" "Mozilla/5.0 (X11; Linux x86_64) AppleWebKit/537.36 (KHTML, like Gecko) Chrome/91.0.4472.77 Safari/537.36"
::1 - - [13/Jun/2021:14:35:11 +0000] "GET /api/v1/users/profiles/ HTTP/1.1" 304 - "http://localhost:3000/" "Mozilla/5.0 (X11; Linux x86_64) AppleWebKit/537.36 (KHTML, like Gecko) Chrome/91.0.4472.77 Safari/537.36"
::1 - - [13/Jun/2021:14:35:24 +0000] "OPTIONS /api/v1/users/login HTTP/1.1" 204 0 "http://localhost:3000/" "Mozilla/5.0 (X11; Linux x86_64) AppleWebKit/537.36 (KHTML, like Gecko) Chrome/91.0.4472.77 Safari/537.36"
::1 - - [13/Jun/2021:14:35:25 +0000] "POST /api/v1/users/login HTTP/1.1" 200 301 "http://localhost:3000/" "Mozilla/5.0 (X11; Linux x86_64) AppleWebKit/537.36 (KHTML, like Gecko) Chrome/91.0.4472.77 Safari/537.36"
::1 - - [13/Jun/2021:14:35:25 +0000] "GET /api/v1/users/profiles/12 HTTP/1.1" 200 514 "http://localhost:3000/" "Mozilla/5.0 (X11; Linux x86_64) AppleWebKit/537.36 (KHTML, like Gecko) Chrome/91.0.4472.77 Safari/537.36"
::1 - - [13/Jun/2021:14:35:25 +0000] "GET /api/v1/users/profiles/12 HTTP/1.1" 304 - "http://localhost:3000/" "Mozilla/5.0 (X11; Linux x86_64) AppleWebKit/537.36 (KHTML, like Gecko) Chrome/91.0.4472.77 Safari/537.36"
::1 - - [13/Jun/2021:14:35:25 +0000] "GET /api/v1/ratings/user/12/avgrating HTTP/1.1" 201 - "http://localhost:3000/" "Mozilla/5.0 (X11; Linux x86_64) AppleWebKit/537.36 (KHTML, like Gecko) Chrome/91.0.4472.77 Safari/537.36"
::1 - - [13/Jun/2021:14:35:25 +0000] "GET /api/v1/users/profiles/12 HTTP/1.1" 304 - "http://localhost:3000/" "Mozilla/5.0 (X11; Linux x86_64) AppleWebKit/537.36 (KHTML, like Gecko) Chrome/91.0.4472.77 Safari/537.36"
::1 - - [13/Jun/2021:14:35:25 +0000] "GET /api/v1/users/profiles/12 HTTP/1.1" 304 - "http://localhost:3000/" "Mozilla/5.0 (X11; Linux x86_64) AppleWebKit/537.36 (KHTML, like Gecko) Chrome/91.0.4472.77 Safari/537.36"
::1 - - [13/Jun/2021:14:35:29 +0000] "GET /api/v1/videos/ HTTP/1.1" 304 - "http://localhost:3000/" "Mozilla/5.0 (X11; Linux x86_64) AppleWebKit/537.36 (KHTML, like Gecko) Chrome/91.0.4472.77 Safari/537.36"
::1 - - [13/Jun/2021:14:35:57 +0000] "OPTIONS /api/v1/contact/user/2 HTTP/1.1" 204 0 "http://localhost:3000/" "Mozilla/5.0 (X11; Linux x86_64) AppleWebKit/537.36 (KHTML, like Gecko) Chrome/91.0.4472.77 Safari/537.36"
::1 - - [13/Jun/2021:14:35:59 +0000] "POST /api/v1/contact/user/2 HTTP/1.1" 201 143 "http://localhost:3000/" "Mozilla/5.0 (X11; Linux x86_64) AppleWebKit/537.36 (KHTML, like Gecko) Chrome/91.0.4472.77 Safari/537.36"
::1 - - [13/Jun/2021:15:56:47 +0000] "GET /api/v1/videos/ HTTP/1.1" 304 - "http://localhost:3000/" "Mozilla/5.0 (X11; Linux x86_64) AppleWebKit/537.36 (KHTML, like Gecko) Chrome/91.0.4472.77 Safari/537.36"
::1 - - [13/Jun/2021:15:57:37 +0000] "GET /api/v1/users/profiles/12 HTTP/1.1" 304 - "http://localhost:3000/" "Mozilla/5.0 (X11; Linux x86_64) AppleWebKit/537.36 (KHTML, like Gecko) Chrome/91.0.4472.77 Safari/537.36"
::1 - - [13/Jun/2021:15:57:37 +0000] "GET /api/v1/videos/ HTTP/1.1" 304 - "http://localhost:3000/" "Mozilla/5.0 (X11; Linux x86_64) AppleWebKit/537.36 (KHTML, like Gecko) Chrome/91.0.4472.77 Safari/537.36"
