::1 - - [04/May/2021:08:49:54 +0000] "GET /api/v1/users/2 HTTP/1.1" 401 34 "-" "PostmanRuntime/7.26.10"
::1 - - [04/May/2021:08:50:41 +0000] "POST /api/v1/users/login/scout HTTP/1.1" 404 164 "-" "PostmanRuntime/7.26.10"
::1 - - [04/May/2021:08:51:18 +0000] "POST /api/v1/users/login/ HTTP/1.1" 400 37 "-" "PostmanRuntime/7.26.10"
::1 - - [04/May/2021:08:51:33 +0000] "POST /api/v1/users/login/ HTTP/1.1" 200 228 "-" "PostmanRuntime/7.26.10"
::1 - - [04/May/2021:08:51:40 +0000] "GET /api/v1/users/2 HTTP/1.1" 401 34 "-" "PostmanRuntime/7.26.10"
::1 - - [04/May/2021:08:52:01 +0000] "GET /api/v1/users/ HTTP/1.1" 404 152 "-" "PostmanRuntime/7.26.10"
::1 - - [04/May/2021:08:52:10 +0000] "GET /api/v1/users/ HTTP/1.1" 404 152 "-" "PostmanRuntime/7.26.10"
::1 - - [04/May/2021:08:52:15 +0000] "GET /api/v1/users/2 HTTP/1.1" 401 34 "-" "PostmanRuntime/7.26.10"
::1 - - [04/May/2021:08:53:57 +0000] "GET /api/v1/users/2 HTTP/1.1" 401 34 "-" "PostmanRuntime/7.26.10"
::1 - - [04/May/2021:08:58:09 +0000] "GET /api/v1/users/2 HTTP/1.1" 401 23 "-" "PostmanRuntime/7.26.10"
::1 - - [04/May/2021:08:58:17 +0000] "POST /api/v1/users/login/ HTTP/1.1" 200 228 "-" "PostmanRuntime/7.26.10"
::1 - - [04/May/2021:08:58:28 +0000] "GET /api/v1/users/2 HTTP/1.1" 401 23 "-" "PostmanRuntime/7.26.10"
::1 - - [04/May/2021:08:59:33 +0000] "DELETE /api/v1/users/2 HTTP/1.1" 401 23 "-" "PostmanRuntime/7.26.10"
::1 - - [04/May/2021:08:59:47 +0000] "POST /api/v1/users/login/player HTTP/1.1" 404 165 "-" "PostmanRuntime/7.26.10"
::1 - - [04/May/2021:08:59:55 +0000] "POST /api/v1/users/login/ HTTP/1.1" 200 228 "-" "PostmanRuntime/7.26.10"
::1 - - [04/May/2021:09:00:09 +0000] "DELETE /api/v1/users/2 HTTP/1.1" 401 23 "-" "PostmanRuntime/7.26.10"
::1 - - [04/May/2021:09:01:05 +0000] "DELETE /api/v1/users/2?Authorization=BearereyJhbGciOiJIUzI1NiIsInR5cCI6IkpXVCJ9.eyJpZCI6MSwibm9tYnJlIjoiQW5nZWxNYW51ZWwiLCJyb2wiOiJhZG1pbiIsImlhdCI6MTYxOTcxNjE1MiwiZXhwIjoxNjE5NzE3OTUyfQ.moGjAq0CwYSk0Qcn43Q5yErjKdnrAHS8Oc-lvrPyGlM HTTP/1.1" 401 34 "-" "PostmanRuntime/7.26.10"
::1 - - [04/May/2021:09:01:18 +0000] "DELETE /api/v1/users/2?Authorization=Bearer%20eyJhbGciOiJIUzI1NiIsInR5cCI6IkpXVCJ9.eyJpZCI6MSwibm9tYnJlIjoiQW5nZWxNYW51ZWwiLCJyb2wiOiJhZG1pbiIsImlhdCI6MTYxOTcxNjE1MiwiZXhwIjoxNjE5NzE3OTUyfQ.moGjAq0CwYSk0Qcn43Q5yErjKdnrAHS8Oc-lvrPyGlM HTTP/1.1" 401 34 "-" "PostmanRuntime/7.26.10"
::1 - - [04/May/2021:09:01:59 +0000] "DELETE /api/v1/users/2?Authorization=Bearer%20eyJhbGciOiJIUzI1NiIsInR5cCI6IkpXVCJ9.eyJpZCI6MSwibm9tYnJlIjoiQW5nZWxNYW51ZWwiLCJyb2wiOiJhZG1pbiIsImlhdCI6MTYxOTcxNjE1MiwiZXhwIjoxNjE5NzE3OTUyfQ.moGjAq0CwYSk0Qcn43Q5yErjKdnrAHS8Oc-lvrPyGlM HTTP/1.1" 401 34 "-" "PostmanRuntime/7.26.10"
::1 - - [04/May/2021:09:02:53 +0000] "DELETE /api/v1/users/2?Authorization=Bearer%20eyJhbGciOiJIUzI1NiIsInR5cCI6IkpXVCJ9.eyJpZCI6MSwibm9tYnJlIjoiQW5nZWxNYW51ZWwiLCJyb2wiOiJhZG1pbiIsImlhdCI6MTYxOTcxNjE1MiwiZXhwIjoxNjE5NzE3OTUyfQ.moGjAq0CwYSk0Qcn43Q5yErjKdnrAHS8Oc-lvrPyGlM HTTP/1.1" 401 34 "-" "PostmanRuntime/7.26.10"
::1 - - [04/May/2021:09:03:34 +0000] "GET /api/v1/users/2 HTTP/1.1" 401 23 "-" "PostmanRuntime/7.26.10"
::1 - - [04/May/2021:09:04:06 +0000] "DELETE /api/v1/users/2 HTTP/1.1" 401 34 "-" "PostmanRuntime/7.26.10"
::1 - - [04/May/2021:09:04:16 +0000] "DELETE /api/v1/users/2 HTTP/1.1" 401 23 "-" "PostmanRuntime/7.26.10"
::1 - - [04/May/2021:09:05:01 +0000] "POST /api/v1/users/login/player HTTP/1.1" 404 165 "-" "PostmanRuntime/7.26.10"
::1 - - [04/May/2021:09:05:07 +0000] "POST /api/v1/users/login/player HTTP/1.1" 404 165 "-" "PostmanRuntime/7.26.10"
::1 - - [04/May/2021:09:05:36 +0000] "POST /api/v1/users/login/ HTTP/1.1" 401 71 "-" "PostmanRuntime/7.26.10"
::1 - - [04/May/2021:09:07:49 +0000] "POST /api/v1/users/register HTTP/1.1" 200 12 "-" "PostmanRuntime/7.26.10"
::1 - - [04/May/2021:09:08:14 +0000] "GET /api/v1/users/activation?verification_code=8222c1c2102fe1bc84b75c0ddcb3b1cafb711c10b7dfbab85974284c823d3538 HTTP/1.1" 200 31 "-" "Mozilla/5.0 (Macintosh; Intel Mac OS X 10_15_7) AppleWebKit/537.36 (KHTML, like Gecko) Chrome/90.0.4430.85 Safari/537.36"
::1 - - [04/May/2021:09:09:11 +0000] "POST /api/v1/users/login/ HTTP/1.1" 200 231 "-" "PostmanRuntime/7.26.10"
::1 - - [04/May/2021:09:09:23 +0000] "GET /api/v1/users/3 HTTP/1.1" 401 23 "-" "PostmanRuntime/7.26.10"
::1 - - [04/May/2021:09:09:29 +0000] "DELETE /api/v1/users/3 HTTP/1.1" 401 23 "-" "PostmanRuntime/7.26.10"
::1 - - [04/May/2021:09:16:17 +0000] "DELETE /api/v1/users/3 HTTP/1.1" 401 23 "-" "PostmanRuntime/7.26.10"
::1 - - [04/May/2021:09:16:23 +0000] "GET /api/v1/users/3 HTTP/1.1" 401 23 "-" "PostmanRuntime/7.26.10"
::1 - - [04/May/2021:09:18:27 +0000] "POST /api/v1/users/login/ HTTP/1.1" 200 231 "-" "PostmanRuntime/7.26.10"
::1 - - [04/May/2021:09:18:32 +0000] "GET /api/v1/users/3 HTTP/1.1" 401 23 "-" "PostmanRuntime/7.26.10"
::1 - - [04/May/2021:09:18:42 +0000] "GET /api/v1/users/+3 HTTP/1.1" 401 23 "-" "PostmanRuntime/7.26.10"
::1 - - [04/May/2021:09:20:07 +0000] "GET /api/v1/users/+3 HTTP/1.1" 401 23 "-" "PostmanRuntime/7.26.10"
::1 - - [04/May/2021:09:22:50 +0000] "GET /api/v1/users/+3 HTTP/1.1" 401 23 "-" "PostmanRuntime/7.26.10"
::1 - - [04/May/2021:09:22:54 +0000] "GET /api/v1/users/3 HTTP/1.1" 401 23 "-" "PostmanRuntime/7.26.10"
::1 - - [04/May/2021:09:31:29 +0000] "GET /api/v1/users/3 HTTP/1.1" 401 23 "-" "PostmanRuntime/7.26.10"
::1 - - [04/May/2021:09:31:48 +0000] "GET /api/v1/users/3 HTTP/1.1" 401 23 "-" "PostmanRuntime/7.26.10"
::1 - - [04/May/2021:09:32:18 +0000] "GET /api/v1/users/3 HTTP/1.1" 401 23 "-" "PostmanRuntime/7.26.10"
::1 - - [04/May/2021:09:32:22 +0000] "DELETE /api/v1/users/3 HTTP/1.1" 401 23 "-" "PostmanRuntime/7.26.10"
::1 - - [04/May/2021:09:32:27 +0000] "POST /api/v1/users/login/ HTTP/1.1" 200 231 "-" "PostmanRuntime/7.26.10"
::1 - - [04/May/2021:09:32:30 +0000] "DELETE /api/v1/users/3 HTTP/1.1" 401 23 "-" "PostmanRuntime/7.26.10"
::1 - - [04/May/2021:09:35:58 +0000] "DELETE /api/v1/users/3 HTTP/1.1" 401 23 "-" "PostmanRuntime/7.26.10"
::1 - - [04/May/2021:09:57:30 +0000] "DELETE /api/v1/users/3 HTTP/1.1" 401 23 "-" "PostmanRuntime/7.26.10"
::1 - - [04/May/2021:09:57:34 +0000] "POST /api/v1/users/login/ HTTP/1.1" 200 231 "-" "PostmanRuntime/7.26.10"
::1 - - [04/May/2021:09:57:38 +0000] "DELETE /api/v1/users/3 HTTP/1.1" 401 23 "-" "PostmanRuntime/7.26.10"
::1 - - [04/May/2021:09:57:43 +0000] "GET /api/v1/users/3 HTTP/1.1" 401 23 "-" "PostmanRuntime/7.26.10"
::1 - - [04/May/2021:09:58:21 +0000] "POST /api/v1/users/login/ HTTP/1.1" 200 231 "-" "PostmanRuntime/7.26.10"
::1 - - [04/May/2021:09:58:30 +0000] "DELETE /api/v1/users/3 HTTP/1.1" 401 23 "-" "PostmanRuntime/7.26.10"
::1 - - [04/May/2021:09:58:34 +0000] "GET /api/v1/users/3 HTTP/1.1" 401 23 "-" "PostmanRuntime/7.26.10"
::1 - - [04/May/2021:10:00:11 +0000] "POST /api/v1/users/login/ HTTP/1.1" 200 234 "-" "PostmanRuntime/7.26.10"
::1 - - [04/May/2021:10:00:17 +0000] "GET /api/v1/users/3 HTTP/1.1" 401 23 "-" "PostmanRuntime/7.26.10"
::1 - - [04/May/2021:10:00:20 +0000] "DELETE /api/v1/users/3 HTTP/1.1" 401 23 "-" "PostmanRuntime/7.26.10"
::1 - - [04/May/2021:10:02:37 +0000] "GET /api/v1/users/3 HTTP/1.1" 401 23 "-" "PostmanRuntime/7.26.10"
::1 - - [04/May/2021:10:02:41 +0000] "DELETE /api/v1/users/3 HTTP/1.1" 401 23 "-" "PostmanRuntime/7.26.10"
::1 - - [04/May/2021:10:02:44 +0000] "POST /api/v1/users/login/ HTTP/1.1" 200 231 "-" "PostmanRuntime/7.26.10"
::1 - - [04/May/2021:10:02:47 +0000] "DELETE /api/v1/users/3 HTTP/1.1" 401 23 "-" "PostmanRuntime/7.26.10"
::1 - - [04/May/2021:10:02:51 +0000] "GET /api/v1/users/3 HTTP/1.1" 401 23 "-" "PostmanRuntime/7.26.10"
::1 - - [04/May/2021:10:04:20 +0000] "DELETE /api/v1/users/3 HTTP/1.1" 401 23 "-" "PostmanRuntime/7.26.10"
::1 - - [04/May/2021:10:04:24 +0000] "GET /api/v1/users/3 HTTP/1.1" 401 23 "-" "PostmanRuntime/7.26.10"
::1 - - [04/May/2021:10:11:34 +0000] "GET /api/v1/users/3 HTTP/1.1" 401 23 "-" "PostmanRuntime/7.26.10"
::1 - - [04/May/2021:10:11:46 +0000] "GET /api/v1/users/3 HTTP/1.1" 401 23 "-" "PostmanRuntime/7.26.10"
::1 - - [04/May/2021:10:11:52 +0000] "DELETE /api/v1/users/3 HTTP/1.1" 401 23 "-" "PostmanRuntime/7.26.10"
::1 - - [04/May/2021:10:12:13 +0000] "DELETE /api/v1/users/3 HTTP/1.1" 401 23 "-" "PostmanRuntime/7.26.10"
::1 - - [04/May/2021:10:13:22 +0000] "DELETE /api/v1/users/3 HTTP/1.1" 401 23 "-" "PostmanRuntime/7.26.10"
::1 - - [04/May/2021:10:13:59 +0000] "DELETE /api/v1/users/3 HTTP/1.1" 401 23 "-" "PostmanRuntime/7.26.10"
::1 - - [04/May/2021:10:17:36 +0000] "DELETE /api/v1/users/3 HTTP/1.1" 401 23 "-" "PostmanRuntime/7.26.10"
::1 - - [04/May/2021:10:17:40 +0000] "POST /api/v1/users/login/ HTTP/1.1" 200 231 "-" "PostmanRuntime/7.26.10"
::1 - - [04/May/2021:10:17:42 +0000] "DELETE /api/v1/users/3 HTTP/1.1" 401 23 "-" "PostmanRuntime/7.26.10"
::1 - - [04/May/2021:10:17:44 +0000] "GET /api/v1/users/3 HTTP/1.1" 401 23 "-" "PostmanRuntime/7.26.10"
::1 - - [04/May/2021:10:21:30 +0000] "GET /api/v1/users/3 HTTP/1.1" 401 23 "-" "PostmanRuntime/7.26.10"
::1 - - [04/May/2021:10:21:34 +0000] "DELETE /api/v1/users/3 HTTP/1.1" 401 23 "-" "PostmanRuntime/7.26.10"
::1 - - [04/May/2021:10:22:38 +0000] "DELETE /api/v1/users/3 HTTP/1.1" 401 23 "-" "PostmanRuntime/7.26.10"
::1 - - [04/May/2021:10:23:51 +0000] "DELETE /api/v1/users/3 HTTP/1.1" 401 23 "-" "PostmanRuntime/7.26.10"
::1 - - [04/May/2021:10:24:12 +0000] "DELETE /api/v1/users/3 HTTP/1.1" 401 23 "-" "PostmanRuntime/7.26.10"
::1 - - [04/May/2021:10:25:25 +0000] "DELETE /api/v1/users/3 HTTP/1.1" 401 23 "-" "PostmanRuntime/7.26.10"
::1 - - [04/May/2021:10:25:31 +0000] "POST /api/v1/users/login/ HTTP/1.1" 200 234 "-" "PostmanRuntime/7.26.10"
::1 - - [04/May/2021:10:25:33 +0000] "POST /api/v1/users/login/ HTTP/1.1" 200 231 "-" "PostmanRuntime/7.26.10"
::1 - - [04/May/2021:10:25:35 +0000] "GET /api/v1/users/3 HTTP/1.1" 401 23 "-" "PostmanRuntime/7.26.10"
::1 - - [04/May/2021:10:25:37 +0000] "DELETE /api/v1/users/3 HTTP/1.1" 401 23 "-" "PostmanRuntime/7.26.10"
::1 - - [04/May/2021:10:57:07 +0000] "DELETE /api/v1/users/3 HTTP/1.1" 401 23 "-" "PostmanRuntime/7.26.10"
::1 - - [04/May/2021:11:01:45 +0000] "DELETE /api/v1/users/3 HTTP/1.1" 401 23 "-" "PostmanRuntime/7.26.10"
::1 - - [04/May/2021:11:04:14 +0000] "DELETE /api/v1/users/3 HTTP/1.1" 401 23 "-" "PostmanRuntime/7.26.10"
::1 - - [04/May/2021:11:04:22 +0000] "POST /api/v1/users/login/ HTTP/1.1" 200 234 "-" "PostmanRuntime/7.26.10"
::1 - - [04/May/2021:11:04:39 +0000] "POST /api/v1/users/login/ HTTP/1.1" 200 231 "-" "PostmanRuntime/7.26.10"
::1 - - [04/May/2021:11:04:44 +0000] "DELETE /api/v1/users/3 HTTP/1.1" 401 23 "-" "PostmanRuntime/7.26.10"
::1 - - [04/May/2021:13:04:32 +0000] "DELETE /api/v1/users/3 HTTP/1.1" 401 23 "-" "PostmanRuntime/7.26.10"
::1 - - [04/May/2021:13:04:37 +0000] "POST /api/v1/users/login/ HTTP/1.1" 200 231 "-" "PostmanRuntime/7.26.10"
::1 - - [04/May/2021:13:04:39 +0000] "DELETE /api/v1/users/3 HTTP/1.1" 401 23 "-" "PostmanRuntime/7.26.10"
::1 - - [04/May/2021:13:08:56 +0000] "DELETE /api/v1/users/3 HTTP/1.1" 401 32 "-" "PostmanRuntime/7.26.10"
::1 - - [04/May/2021:13:09:07 +0000] "DELETE /api/v1/users/3 HTTP/1.1" 401 23 "-" "PostmanRuntime/7.26.10"
::1 - - [04/May/2021:13:09:12 +0000] "DELETE /api/v1/users/3 HTTP/1.1" 401 32 "-" "PostmanRuntime/7.26.10"
::1 - - [04/May/2021:13:09:25 +0000] "GET /api/v1/users/3 HTTP/1.1" 401 32 "-" "PostmanRuntime/7.26.10"
::1 - - [04/May/2021:13:11:58 +0000] "GET /api/v1/users/3 HTTP/1.1" 401 32 "-" "PostmanRuntime/7.26.10"
::1 - - [04/May/2021:13:12:41 +0000] "POST /api/v1/users/login/ HTTP/1.1" 200 234 "-" "PostmanRuntime/7.26.10"
::1 - - [04/May/2021:13:12:46 +0000] "DELETE /api/v1/users/3 HTTP/1.1" 401 32 "-" "PostmanRuntime/7.26.10"
::1 - - [04/May/2021:13:15:54 +0000] "DELETE /api/v1/users/4 HTTP/1.1" 401 32 "-" "PostmanRuntime/7.26.10"
::1 - - [04/May/2021:13:15:58 +0000] "DELETE /api/v1/users/5 HTTP/1.1" 401 32 "-" "PostmanRuntime/7.26.10"
::1 - - [04/May/2021:13:16:03 +0000] "DELETE /api/v1/users/1 HTTP/1.1" 401 32 "-" "PostmanRuntime/7.26.10"
::1 - - [04/May/2021:13:16:07 +0000] "DELETE /api/v1/users/2 HTTP/1.1" 401 32 "-" "PostmanRuntime/7.26.10"
::1 - - [04/May/2021:13:16:11 +0000] "DELETE /api/v1/users/3 HTTP/1.1" 401 32 "-" "PostmanRuntime/7.26.10"
::1 - - [04/May/2021:13:37:37 +0000] "DELETE /api/v1/users/3 HTTP/1.1" 401 32 "-" "PostmanRuntime/7.26.10"
::1 - - [04/May/2021:13:37:41 +0000] "POST /api/v1/users/login/ HTTP/1.1" 200 234 "-" "PostmanRuntime/7.26.10"
::1 - - [04/May/2021:13:37:47 +0000] "GET /api/v1/users/3 HTTP/1.1" 401 32 "-" "PostmanRuntime/7.26.10"
::1 - - [04/May/2021:13:38:17 +0000] "GET /api/v1/users/3 HTTP/1.1" 401 23 "-" "PostmanRuntime/7.26.10"
::1 - - [04/May/2021:13:39:31 +0000] "GET /api/v1/users/3 HTTP/1.1" 401 23 "-" "PostmanRuntime/7.26.10"
::1 - - [04/May/2021:13:39:34 +0000] "DELETE /api/v1/users/3 HTTP/1.1" 401 34 "-" "PostmanRuntime/7.26.10"
::1 - - [04/May/2021:13:39:44 +0000] "DELETE /api/v1/users/3 HTTP/1.1" 401 34 "-" "PostmanRuntime/7.26.10"
::1 - - [04/May/2021:13:40:07 +0000] "DELETE /api/v1/users/3 HTTP/1.1" 401 34 "-" "PostmanRuntime/7.26.10"
::1 - - [04/May/2021:13:40:23 +0000] "DELETE /api/v1/users/3 HTTP/1.1" 401 34 "-" "PostmanRuntime/7.26.10"
::1 - - [04/May/2021:13:41:13 +0000] "DELETE /api/v1/users/3 HTTP/1.1" 401 34 "-" "PostmanRuntime/7.26.10"
::1 - - [04/May/2021:13:41:24 +0000] "DELETE /api/v1/users/3 HTTP/1.1" 401 34 "-" "PostmanRuntime/7.26.10"
::1 - - [04/May/2021:13:41:33 +0000] "DELETE /api/v1/users/3 HTTP/1.1" 401 34 "-" "PostmanRuntime/7.26.10"
::1 - - [04/May/2021:13:41:43 +0000] "DELETE /api/v1/users/3 HTTP/1.1" 401 34 "-" "PostmanRuntime/7.26.10"
::1 - - [04/May/2021:13:49:14 +0000] "DELETE /api/v1/users/ HTTP/1.1" 404 155 "-" "PostmanRuntime/7.26.10"
::1 - - [04/May/2021:13:49:25 +0000] "DELETE /api/v1/users/3 HTTP/1.1" 401 34 "-" "PostmanRuntime/7.26.10"
::1 - - [04/May/2021:13:54:04 +0000] "DELETE /api/v1/users/3 HTTP/1.1" 401 62 "-" "PostmanRuntime/7.26.10"
::1 - - [04/May/2021:13:56:05 +0000] "DELETE /api/v1/users/3 HTTP/1.1" 401 25 "-" "PostmanRuntime/7.26.10"
::1 - - [04/May/2021:13:56:34 +0000] "DELETE /api/v1/users/3 HTTP/1.1" 401 23 "-" "PostmanRuntime/7.26.10"
::1 - - [04/May/2021:13:56:44 +0000] "DELETE /api/v1/users/3 HTTP/1.1" 401 25 "-" "PostmanRuntime/7.26.10"
::1 - - [04/May/2021:14:05:30 +0000] "DELETE /api/v1/users/3 HTTP/1.1" 401 60 "-" "PostmanRuntime/7.26.10"
::1 - - [04/May/2021:14:05:47 +0000] "DELETE /api/v1/users/3 HTTP/1.1" 401 60 "-" "PostmanRuntime/7.26.10"
::1 - - [04/May/2021:14:05:54 +0000] "DELETE /api/v1/users/3 HTTP/1.1" 401 60 "-" "PostmanRuntime/7.26.10"
::1 - - [04/May/2021:14:06:11 +0000] "DELETE /api/v1/users/3 HTTP/1.1" 401 25 "-" "PostmanRuntime/7.26.10"
::1 - - [04/May/2021:14:06:17 +0000] "DELETE /api/v1/users/3 HTTP/1.1" 401 23 "-" "PostmanRuntime/7.26.10"
::1 - - [04/May/2021:14:11:12 +0000] "DELETE /api/v1/users/3 HTTP/1.1" 401 23 "-" "PostmanRuntime/7.26.10"
::1 - - [04/May/2021:14:11:30 +0000] "DELETE /api/v1/users/3 HTTP/1.1" 401 23 "-" "PostmanRuntime/7.26.10"
::1 - - [04/May/2021:14:11:44 +0000] "DELETE /api/v1/users/3 HTTP/1.1" 401 23 "-" "PostmanRuntime/7.26.10"
::1 - - [04/May/2021:14:11:56 +0000] "DELETE /api/v1/users/ HTTP/1.1" 404 155 "-" "PostmanRuntime/7.26.10"
::1 - - [04/May/2021:14:12:03 +0000] "DELETE /api/v1/users/7 HTTP/1.1" 401 23 "-" "PostmanRuntime/7.26.10"
::1 - - [04/May/2021:14:12:13 +0000] "DELETE /api/v1/users/3 HTTP/1.1" 401 23 "-" "PostmanRuntime/7.26.10"
::1 - - [04/May/2021:14:13:01 +0000] "GET /api/v1/users/3 HTTP/1.1" 401 23 "-" "PostmanRuntime/7.26.10"
::1 - - [04/May/2021:14:13:20 +0000] "GET /api/v1/users/3 HTTP/1.1" 401 62 "-" "PostmanRuntime/7.26.10"
::1 - - [04/May/2021:14:13:31 +0000] "GET /api/v1/users/3 HTTP/1.1" 401 23 "-" "PostmanRuntime/7.26.10"
::1 - - [04/May/2021:14:14:04 +0000] "GET /api/v1/users/3 HTTP/1.1" 401 23 "-" "PostmanRuntime/7.26.10"
::1 - - [04/May/2021:14:18:09 +0000] "GET /api/v1/users/3 HTTP/1.1" 401 23 "-" "PostmanRuntime/7.26.10"
::1 - - [04/May/2021:14:18:15 +0000] "POST /api/v1/users/login/ HTTP/1.1" 200 228 "-" "PostmanRuntime/7.26.10"
::1 - - [04/May/2021:14:18:20 +0000] "DELETE /api/v1/users/3 HTTP/1.1" 401 23 "-" "PostmanRuntime/7.26.10"
::1 - - [04/May/2021:14:18:23 +0000] "GET /api/v1/users/3 HTTP/1.1" 401 23 "-" "PostmanRuntime/7.26.10"
::1 - - [04/May/2021:14:22:49 +0000] "GET /api/v1/users/3 HTTP/1.1" 401 23 "-" "PostmanRuntime/7.26.10"
::1 - - [04/May/2021:14:23:33 +0000] "GET /api/v1/users/3 HTTP/1.1" 401 23 "-" "PostmanRuntime/7.26.10"
::1 - - [04/May/2021:14:27:17 +0000] "GET /api/v1/users/3 HTTP/1.1" 401 23 "-" "PostmanRuntime/7.26.10"
::1 - - [04/May/2021:14:33:59 +0000] "GET /api/v1/users/3 HTTP/1.1" 401 23 "-" "PostmanRuntime/7.26.10"
::1 - - [04/May/2021:14:46:36 +0000] "GET /api/v1/users/3 HTTP/1.1" 401 25 "-" "PostmanRuntime/7.26.10"
::1 - - [04/May/2021:14:46:45 +0000] "GET /api/v1/users/3 HTTP/1.1" 401 23 "-" "PostmanRuntime/7.26.10"
::1 - - [04/May/2021:14:51:50 +0000] "GET /api/v1/users/3 HTTP/1.1" 401 25 "-" "PostmanRuntime/7.26.10"
::1 - - [04/May/2021:14:54:58 +0000] "GET /api/v1/users/3 HTTP/1.1" 401 23 "-" "PostmanRuntime/7.26.10"
::1 - - [04/May/2021:14:55:04 +0000] "POST /api/v1/users/login/ HTTP/1.1" 200 275 "-" "PostmanRuntime/7.26.10"
::1 - - [04/May/2021:14:55:07 +0000] "GET /api/v1/users/3 HTTP/1.1" 401 23 "-" "PostmanRuntime/7.26.10"
::1 - - [04/May/2021:14:55:10 +0000] "DELETE /api/v1/users/3 HTTP/1.1" 401 23 "-" "PostmanRuntime/7.26.10"
::1 - - [04/May/2021:14:55:47 +0000] "DELETE /api/v1/users/3 HTTP/1.1" 401 23 "-" "PostmanRuntime/7.26.10"
::1 - - [04/May/2021:14:56:18 +0000] "POST /api/v1/users/login/ HTTP/1.1" 200 280 "-" "PostmanRuntime/7.26.10"
::1 - - [04/May/2021:14:56:22 +0000] "GET /api/v1/users/3 HTTP/1.1" 401 23 "-" "PostmanRuntime/7.26.10"
::1 - - [04/May/2021:14:57:22 +0000] "POST /api/v1/users/login/ HTTP/1.1" 200 280 "-" "PostmanRuntime/7.26.10"
::1 - - [04/May/2021:14:57:51 +0000] "GET /api/v1/users/3 HTTP/1.1" 401 23 "-" "PostmanRuntime/7.26.10"
::1 - - [04/May/2021:16:09:40 +0000] "GET /api/v1/users/3 HTTP/1.1" 401 23 "-" "PostmanRuntime/7.26.10"
::1 - - [04/May/2021:16:09:46 +0000] "POST /api/v1/users/login/ HTTP/1.1" 200 275 "-" "PostmanRuntime/7.26.10"
::1 - - [04/May/2021:16:09:49 +0000] "GET /api/v1/users/3 HTTP/1.1" 401 23 "-" "PostmanRuntime/7.26.10"
::1 - - [04/May/2021:16:10:57 +0000] "POST /api/v1/users/login/ HTTP/1.1" 200 280 "-" "PostmanRuntime/7.26.10"
::1 - - [04/May/2021:16:11:01 +0000] "GET /api/v1/users/3 HTTP/1.1" 401 23 "-" "PostmanRuntime/7.26.10"
::1 - - [04/May/2021:16:11:18 +0000] "GET /api/v1/users/3 HTTP/1.1" 401 23 "-" "PostmanRuntime/7.26.10"
::1 - - [04/May/2021:16:11:23 +0000] "DELETE /api/v1/users/3 HTTP/1.1" 401 23 "-" "PostmanRuntime/7.26.10"
::1 - - [04/May/2021:16:12:38 +0000] "POST /api/v1/users/login/ HTTP/1.1" 200 275 "-" "PostmanRuntime/7.26.10"
::1 - - [04/May/2021:16:13:26 +0000] "DELETE /api/v1/users/2 HTTP/1.1" 401 23 "-" "PostmanRuntime/7.26.10"
::1 - - [04/May/2021:16:13:34 +0000] "GET /api/v1/users/2 HTTP/1.1" 401 23 "-" "PostmanRuntime/7.26.10"
::1 - - [04/May/2021:16:14:16 +0000] "GET /api/v1/users/2 HTTP/1.1" 401 23 "-" "PostmanRuntime/7.26.10"
::1 - - [04/May/2021:16:14:24 +0000] "GET /api/v1/users/ HTTP/1.1" 404 152 "-" "PostmanRuntime/7.26.10"
::1 - - [04/May/2021:16:14:30 +0000] "GET /api/v1/users/2 HTTP/1.1" 401 23 "-" "PostmanRuntime/7.26.10"
::1 - - [04/May/2021:16:15:04 +0000] "POST /api/v1/users/login/ HTTP/1.1" 200 275 "-" "PostmanRuntime/7.26.10"
::1 - - [04/May/2021:16:15:07 +0000] "DELETE /api/v1/users/2 HTTP/1.1" 401 23 "-" "PostmanRuntime/7.26.10"
::1 - - [04/May/2021:19:41:00 +0000] "POST /api/v1/users/login/ HTTP/1.1" 200 280 "-" "PostmanRuntime/7.26.10"
::1 - - [04/May/2021:19:41:11 +0000] "GET /api/v1/users/2 HTTP/1.1" 401 32 "-" "PostmanRuntime/7.26.10"
::1 - - [04/May/2021:19:46:51 +0000] "GET /api/v1/users/2 HTTP/1.1" 401 34 "-" "PostmanRuntime/7.26.10"
::1 - - [04/May/2021:19:48:11 +0000] "GET /api/v1/users/2 HTTP/1.1" 401 34 "-" "PostmanRuntime/7.26.10"
::1 - - [04/May/2021:19:48:49 +0000] "GET /api/v1/users/2 HTTP/1.1" 401 32 "-" "PostmanRuntime/7.26.10"
::1 - - [04/May/2021:19:50:23 +0000] "GET /api/v1/users/2 HTTP/1.1" 401 30 "-" "PostmanRuntime/7.26.10"
::1 - - [04/May/2021:19:50:54 +0000] "GET /api/v1/users/2 HTTP/1.1" 401 88 "-" "PostmanRuntime/7.26.10"
::1 - - [04/May/2021:19:53:00 +0000] "GET /api/v1/users/2 HTTP/1.1" 401 88 "-" "PostmanRuntime/7.26.10"
